121192 1664546985.592350 1664546985.695439 00000000.float [dec]
121195 1664546985.692370 1664546985.794346 00000001.float [dec]
121198 1664546985.792610 1664546985.898713 00000002.float [dec]
121201 1664546985.892500 1664546985.994491 00000003.float [dec]
121204 1664546985.993090 1664546986.093587 00000004.float [dec]
121207 1664546986.092460 1664546986.196980 00000005.float [dec]
121210 1664546986.191110 1664546986.296274 00000006.float [dec]
121213 1664546986.294270 1664546986.395697 00000007.float [dec]
121216 1664546986.393870 1664546986.493278 00000008.float [dec]
121219 1664546986.493030 1664546986.592848 00000009.float [dec]
121220 1664546986.526390 1664546986.791639 00000010.float [dec]
121227 1664546986.760430 1664546986.850913 00000011.float [dec]
121230 1664546986.860760 1664546986.949800 00000012.float [dec]
121233 1664546986.960330 1664546987.055982 00000013.float [dec]
121236 1664546987.058490 1664546987.157492 00000014.float [dec]
121239 1664546987.160280 1664546987.257566 00000015.float [dec]
121242 1664546987.260320 1664546987.352339 00000016.float [dec]
121245 1664546987.360680 1664546987.457865 00000017.float [dec]
121248 1664546987.461300 1664546987.553920 00000018.float [dec]
121249 1664546987.494720 1664546987.649631 00000019.float [dec]
121254 1664546987.661260 1664546987.753352 00000020.float [dec]
121255 1664546987.694460 1664546987.857210 00000021.float [dec]
121259 1664546987.828720 1664546987.957539 00000022.float [dec]
121263 1664546987.961880 1664546988.057242 00000023.float [dec]
121266 1664546988.061690 1664546988.157494 00000024.float [dec]
121269 1664546988.162270 1664546988.256807 00000025.float [dec]
121272 1664546988.262140 1664546988.358144 00000026.float [dec]
121275 1664546988.360150 1664546988.453893 00000027.float [dec]
121278 1664546988.462020 1664546988.557245 00000028.float [dec]
121281 1664546988.562250 1664546988.658683 00000029.float [dec]
121284 1664546988.661700 1664546988.756724 00000030.float [dec]
121287 1664546988.762470 1664546988.857071 00000031.float [dec]
121290 1664546988.862180 1664546988.955049 00000032.float [dec]
121293 1664546988.962760 1664546989.058949 00000033.float [dec]
121296 1664546989.062400 1664546989.158168 00000034.float [dec]
121299 1664546989.160420 1664546989.254929 00000035.float [dec]
121302 1664546989.262440 1664546989.356397 00000036.float [dec]
121305 1664546989.362500 1664546989.457535 00000037.float [dec]
121307 1664546989.429360 1664546989.552603 00000038.float [dec]
121311 1664546989.562510 1664546989.652779 00000039.float [dec]
121314 1664546989.662520 1664546989.761837 00000040.float [dec]
121317 1664546989.762710 1664546989.859352 00000041.float [dec]
121319 1664546989.829440 1664546989.948349 00000042.float [dec]
121322 1664546989.929620 1664546990.054392 00000043.float [dec]
121323 1664546989.962380 1664546990.191876 00000044.float [dec]
121329 1664546990.163090 1664546990.263835 00000045.float [dec]
121331 1664546990.229840 1664546990.351781 00000046.float [dec]
121334 1664546990.329650 1664546990.458257 00000047.float [dec]
121338 1664546990.463350 1664546990.554149 00000048.float [dec]
121339 1664546990.497000 1664546990.653061 00000049.float [dec]
121343 1664546990.628490 1664546990.757802 00000050.float [dec]
121347 1664546990.763150 1664546990.854026 00000051.float [dec]
121349 1664546990.827930 1664546990.952115 00000052.float [dec]
121350 1664546990.863650 1664546991.124661 00000053.float [dec]
121355 1664546991.029860 1664546991.183838 00000054.float [dec]
121356 1664546991.063190 1664546991.371274 00000055.float [dec]
121361 1664546991.230390 1664546991.436620 00000056.float [dec]
121367 1664546991.430210 1664546991.530620 00000057.float [dec]
121368 1664546991.463580 1664546991.684928 00000058.float [dec]
121374 1664546991.663650 1664546991.750183 00000059.float [dec]
121375 1664546991.697020 1664546991.865797 00000060.float [dec]
121378 1664546991.797400 1664546991.944941 00000061.float [dec]
121382 1664546991.931260 1664546992.046808 00000062.float [dec]
121385 1664546992.030800 1664546992.146279 00000063.float [dec]
121389 1664546992.163870 1664546992.249808 00000064.float [dec]
121392 1664546992.263980 1664546992.341075 00000065.float [dec]
121394 1664546992.331010 1664546992.446264 00000066.float [dec]
121397 1664546992.430860 1664546992.549264 00000067.float [dec]
121400 1664546992.530830 1664546992.650250 00000068.float [dec]
121402 1664546992.597210 1664546992.739187 00000069.float [dec]
121403 1664546992.629630 1664546993.080066 00000070.float [dec]
121404 1664546992.663790 1664546993.143159 00000071.float [dec]
121415 1664546993.031620 1664546993.241426 00000072.float [dec]
121417 1664546993.098290 1664546993.335103 00000073.float [dec]
121421 1664546993.231800 1664546993.435751 00000074.float [dec]
121422 1664546993.264600 1664546993.535227 00000075.float [dec]
121424 1664546993.331390 1664546993.633995 00000076.float [dec]
121427 1664546993.432090 1664546993.743947 00000077.float [dec]
121428 1664546993.465150 1664546993.841349 00000078.float [dec]
121431 1664546993.563460 1664546993.946468 00000079.float [dec]
121437 1664546993.763830 1664546994.045718 00000080.float [dec]
121438 1664546993.800480 1664546994.135708 00000081.float [dec]
121443 1664546993.965720 1664546994.243610 00000082.float [dec]
121451 1664546994.232360 1664546994.342641 00000083.float [dec]
121454 1664546994.332300 1664546994.443938 00000084.float [dec]
121458 1664546994.464410 1664546994.546932 00000085.float [dec]
121460 1664546994.532340 1664546994.646441 00000086.float [dec]
121463 1664546994.632150 1664546994.738739 00000087.float [dec]
121466 1664546994.731730 1664546994.844082 00000088.float [dec]
121469 1664546994.830810 1664546994.946664 00000089.float [dec]
121473 1664546994.966660 1664546995.042023 00000090.float [dec]
121475 1664546995.032810 1664546995.141918 00000091.float [dec]
121478 1664546995.131480 1664546995.243860 00000092.float [dec]
121481 1664546995.234870 1664546995.346341 00000093.float [dec]
121484 1664546995.331880 1664546995.442737 00000094.float [dec]
121487 1664546995.433870 1664546995.543182 00000095.float [dec]
121490 1664546995.533430 1664546995.643833 00000096.float [dec]
121493 1664546995.632060 1664546995.748634 00000097.float [dec]
121497 1664546995.765480 1664546995.845000 00000098.float [dec]
121499 1664546995.831540 1664546995.946588 00000099.float [dec]
121502 1664546995.931480 1664546996.047011 00000100.float [dec]
121503 1664546995.967570 1664546996.141556 00000101.float [dec]
121508 1664546996.134900 1664546996.245439 00000102.float [dec]
121511 1664546996.234800 1664546996.346883 00000103.float [dec]
121514 1664546996.334190 1664546996.447016 00000104.float [dec]
121518 1664546996.467360 1664546996.540830 00000105.float [dec]
121520 1664546996.534130 1664546996.640816 00000106.float [dec]
121523 1664546996.635050 1664546996.747127 00000107.float [dec]
121526 1664546996.734860 1664546996.849033 00000108.float [dec]
121529 1664546996.834510 1664546996.947962 00000109.float [dec]
121532 1664546996.934360 1664546997.043528 00000110.float [dec]
121535 1664546997.034760 1664546997.148799 00000111.float [dec]
121538 1664546997.134680 1664546997.250120 00000112.float [dec]
121542 1664546997.267860 1664546997.347597 00000113.float [dec]
121544 1664546997.335150 1664546997.441209 00000114.float [dec]
121548 1664546997.468190 1664546997.547873 00000115.float [dec]
121550 1664546997.535330 1664546997.649327 00000116.float [dec]
121552 1664546997.601470 1664546997.739191 00000117.float [dec]
121553 1664546997.634620 1664546998.038979 00000118.float [dec]
121563 1664546997.968960 1664546998.100852 00000119.float [dec]
121567 1664546998.102540 1664546998.203121 00000120.float [dec]
121570 1664546998.202190 1664546998.303079 00000121.float [dec]
121573 1664546998.302600 1664546998.401761 00000122.float [dec]
121576 1664546998.402410 1664546998.505061 00000123.float [dec]
121579 1664546998.502520 1664546998.601034 00000124.float [dec]
121582 1664546998.602300 1664546998.702804 00000125.float [dec]
121583 1664546998.636280 1664546998.909507 00000126.float [dec]
121589 1664546998.833580 1664546998.975304 00000127.float [dec]
121593 1664546998.968420 1664546999.073392 00000128.float [dec]
121596 1664546999.070080 1664546999.175624 00000129.float [dec]
121599 1664546999.167090 1664546999.275481 00000130.float [dec]
121602 1664546999.270020 1664546999.373968 00000131.float [dec]
121605 1664546999.369840 1664546999.474198 00000132.float [dec]
121608 1664546999.467630 1664546999.575794 00000133.float [dec]
121611 1664546999.567550 1664546999.675073 00000134.float [dec]
121614 1664546999.669270 1664546999.773871 00000135.float [dec]
121617 1664546999.767770 1664546999.874597 00000136.float [dec]
121620 1664546999.867720 1664546999.976058 00000137.float [dec]
121623 1664546999.969750 1664547000.074692 00000138.float [dec]
121626 1664547000.069670 1664547000.175735 00000139.float [dec]
121629 1664547000.170520 1664547000.276123 00000140.float [dec]
121632 1664547000.270630 1664547000.375093 00000141.float [dec]
121635 1664547000.370190 1664547000.475240 00000142.float [dec]
121638 1664547000.470290 1664547000.575049 00000143.float [dec]
121641 1664547000.570610 1664547000.675351 00000144.float [dec]
121643 1664547000.636940 1664547000.775036 00000145.float [dec]
121645 1664547000.703570 1664547000.866419 00000146.float [dec]
121646 1664547000.735450 1664547001.331044 00000147.float [dec]
121651 1664547000.903430 1664547001.392869 00000148.float [dec]
121659 1664547001.170570 1664547001.489805 00000149.float [dec]
121668 1664547001.471620 1664547001.595353 00000150.float [dec]
121672 1664547001.604840 1664547001.692635 00000151.float [dec]
121675 1664547001.702610 1664547001.795547 00000152.float [dec]
121678 1664547001.804470 1664547001.895814 00000153.float [dec]
121681 1664547001.902700 1664547001.992636 00000154.float [dec]
121683 1664547001.969360 1664547002.087877 00000155.float [dec]
121686 1664547002.072150 1664547002.190152 00000156.float [dec]
121688 1664547002.138480 1664547002.291461 00000157.float [dec]
121690 1664547002.204620 1664547002.392030 00000158.float [dec]
121695 1664547002.371630 1664547002.485924 00000159.float [dec]
121696 1664547002.404810 1664547002.590909 00000160.float [dec]
121702 1664547002.604720 1664547002.690179 00000161.float [dec]
121705 1664547002.704960 1664547002.794078 00000162.float [dec]
121708 1664547002.805800 1664547002.894981 00000163.float [dec]
121711 1664547002.905270 1664547002.996536 00000164.float [dec]
121714 1664547003.003390 1664547003.092846 00000165.float [dec]
121717 1664547003.106370 1664547003.193089 00000166.float [dec]
121720 1664547003.206030 1664547003.298173 00000167.float [dec]
121723 1664547003.306000 1664547003.397201 00000168.float [dec]
121726 1664547003.405680 1664547003.495961 00000169.float [dec]
121729 1664547003.504350 1664547003.594974 00000170.float [dec]
121732 1664547003.606560 1664547003.700135 00000171.float [dec]
121733 1664547003.639250 1664547003.791668 00000172.float [dec]
121736 1664547003.739180 1664547003.891246 00000173.float [dec]
121740 1664547003.870780 1664547003.992736 00000174.float [dec]
121744 1664547004.006260 1664547004.092684 00000175.float [dec]
121745 1664547004.039580 1664547004.197603 00000176.float [dec]
121750 1664547004.205060 1664547004.297068 00000177.float [dec]
121753 1664547004.306830 1664547004.396175 00000178.float [dec]
121756 1664547004.406500 1664547004.496283 00000179.float [dec]
121759 1664547004.506630 1664547004.593859 00000180.float [dec]
121762 1664547004.607640 1664547004.700074 00000181.float [dec]
121765 1664547004.706590 1664547004.796126 00000182.float [dec]
121767 1664547004.774050 1664547004.899795 00000183.float [dec]
121771 1664547004.905010 1664547004.995615 00000184.float [dec]
121773 1664547004.971560 1664547005.098790 00000185.float [dec]
121777 1664547005.106830 1664547005.197462 00000186.float [dec]
121780 1664547005.206740 1664547005.300179 00000187.float [dec]
121783 1664547005.307270 1664547005.393534 00000188.float [dec]
121786 1664547005.407420 1664547005.495373 00000189.float [dec]
121789 1664547005.508160 1664547005.600484 00000190.float [dec]
121792 1664547005.607520 1664547005.699188 00000191.float [dec]
121795 1664547005.707200 1664547005.795264 00000192.float [dec]
121798 1664547005.807420 1664547005.897528 00000193.float [dec]
121801 1664547005.907520 1664547005.995548 00000194.float [dec]
121804 1664547006.007700 1664547006.099821 00000195.float [dec]
121807 1664547006.106360 1664547006.195076 00000196.float [dec]
121809 1664547006.174340 1664547006.300426 00000197.float [dec]
121813 1664547006.307900 1664547006.400125 00000198.float [dec]
121816 1664547006.408010 1664547006.500997 00000199.float [dec]
121819 1664547006.508210 1664547006.596649 00000200.float [dec]
121822 1664547006.607820 1664547006.699170 00000201.float [dec]
121825 1664547006.708260 1664547006.794705 00000202.float [dec]
121828 1664547006.808160 1664547006.899697 00000203.float [dec]
121831 1664547006.909080 1664547006.995925 00000204.float [dec]
121834 1664547007.006870 1664547007.097124 00000205.float [dec]
121837 1664547007.106420 1664547007.200122 00000206.float [dec]
121840 1664547007.208460 1664547007.296881 00000207.float [dec]
121841 1664547007.240480 1664547007.402223 00000208.float [dec]
121846 1664547007.407000 1664547007.501779 00000209.float [dec]
121849 1664547007.508560 1664547007.598327 00000210.float [dec]
121852 1664547007.609710 1664547007.699835 00000211.float [dec]
121855 1664547007.709360 1664547007.797711 00000212.float [dec]
121858 1664547007.808590 1664547007.900739 00000213.float [dec]
121861 1664547007.909240 1664547007.999875 00000214.float [dec]
121864 1664547008.009740 1664547008.100390 00000215.float [dec]
121867 1664547008.109530 1664547008.197816 00000216.float [dec]
121870 1664547008.209450 1664547008.301856 00000217.float [dec]
121873 1664547008.307500 1664547008.398262 00000218.float [dec]
121876 1664547008.409760 1664547008.500846 00000219.float [dec]
121879 1664547008.510630 1664547008.599033 00000220.float [dec]
121882 1664547008.610430 1664547008.697890 00000221.float [dec]
121883 1664547008.643270 1664547008.995311 00000222.float [dec]
121892 1664547008.943470 1664547009.057985 00000223.float [dec]
121895 1664547009.041310 1664547009.157883 00000224.float [dec]
121898 1664547009.142820 1664547009.264530 00000225.float [dec]
121901 1664547009.242990 1664547009.360804 00000226.float [dec]
121904 1664547009.342870 1664547009.457357 00000227.float [dec]
121907 1664547009.444090 1664547009.561276 00000228.float [dec]
121910 1664547009.543510 1664547009.662938 00000229.float [dec]
121912 1664547009.610800 1664547009.754843 00000230.float [dec]
121913 1664547009.643570 1664547009.855797 00000231.float [dec]
121915 1664547009.709870 1664547009.959526 00000232.float [dec]
121923 1664547009.976700 1664547010.057619 00000233.float [dec]
121925 1664547010.043350 1664547010.158376 00000234.float [dec]
121928 1664547010.143650 1664547010.260111 00000235.float [dec]
121931 1664547010.243580 1664547010.361753 00000236.float [dec]
121935 1664547010.377230 1664547010.457605 00000237.float [dec]
121937 1664547010.444320 1664547010.558627 00000238.float [dec]
121940 1664547010.544600 1664547010.661953 00000239.float [dec]
121943 1664547010.644770 1664547010.758649 00000240.float [dec]
121947 1664547010.777460 1664547010.854322 00000241.float [dec]
121949 1664547010.844500 1664547010.959773 00000242.float [dec]
121952 1664547010.944340 1664547011.062100 00000243.float [dec]
121955 1664547011.044510 1664547011.160169 00000244.float [dec]
121958 1664547011.144590 1664547011.258170 00000245.float [dec]
121961 1664547011.245600 1664547011.361970 00000246.float [dec]
121964 1664547011.344640 1664547011.461521 00000247.float [dec]
121967 1664547011.445410 1664547011.562977 00000248.float [dec]
121970 1664547011.545400 1664547011.661588 00000249.float [dec]
121972 1664547011.611910 1664547011.752528 00000250.float [dec]
121976 1664547011.745240 1664547011.862017 00000251.float [dec]
121979 1664547011.845200 1664547011.961806 00000252.float [dec]
121982 1664547011.945670 1664547012.059401 00000253.float [dec]
121983 1664547011.979250 1664547012.286192 00000254.float [dec]
121985 1664547012.045600 1664547012.346897 00000255.float [dec]
121994 1664547012.345580 1664547012.449955 00000256.float [dec]
121997 1664547012.446320 1664547012.549150 00000257.float [dec]
122000 1664547012.546170 1664547012.652075 00000258.float [dec]
122003 1664547012.645620 1664547012.751911 00000259.float [dec]
122006 1664547012.746000 1664547012.847768 00000260.float [dec]
122009 1664547012.846130 1664547012.949786 00000261.float [dec]
122012 1664547012.945790 1664547013.049474 00000262.float [dec]
122013 1664547012.979310 1664547013.148769 00000263.float [dec]
122015 1664547013.045730 1664547013.241657 00000264.float [dec]
122017 1664547013.112500 1664547013.346801 00000265.float [dec]
122018 1664547013.146120 1664547013.448236 00000266.float [dec]
122020 1664547013.212790 1664547013.550707 00000267.float [dec]
122030 1664547013.546690 1664547013.649290 00000268.float [dec]
122033 1664547013.647420 1664547013.746977 00000269.float [dec]
122036 1664547013.747110 1664547013.850086 00000270.float [dec]
122039 1664547013.846810 1664547013.951699 00000271.float [dec]
122042 1664547013.946870 1664547014.051338 00000272.float [dec]
122045 1664547014.047340 1664547014.146910 00000273.float [dec]
122048 1664547014.146930 1664547014.245887 00000274.float [dec]
122051 1664547014.247390 1664547014.350584 00000275.float [dec]
122054 1664547014.346440 1664547014.448379 00000276.float [dec]
122057 1664547014.447130 1664547014.552429 00000277.float [dec]
122060 1664547014.548160 1664547014.649698 00000278.float [dec]
122062 1664547014.614290 1664547014.743351 00000279.float [dec]
122063 1664547014.646530 1664547015.128766 00000280.float [dec]
122066 1664547014.747490 1664547015.190561 00000281.float [dec]
122073 1664547014.981740 1664547015.289477 00000282.float [dec]
122081 1664547015.247350 1664547015.385755 00000283.float [dec]
122085 1664547015.381450 1664547015.495612 00000284.float [dec]
122088 1664547015.481870 1664547015.586966 00000285.float [dec]
122091 1664547015.579480 1664547015.695576 00000286.float [dec]
122094 1664547015.682190 1664547015.794616 00000287.float [dec]
122097 1664547015.781620 1664547015.893710 00000288.float [dec]
122100 1664547015.881550 1664547015.992814 00000289.float [dec]
122103 1664547015.981250 1664547016.093416 00000290.float [dec]
122106 1664547016.081570 1664547016.195043 00000291.float [dec]
122109 1664547016.181050 1664547016.295430 00000292.float [dec]
122112 1664547016.282400 1664547016.395853 00000293.float [dec]
122115 1664547016.381590 1664547016.490354 00000294.float [dec]
122118 1664547016.480920 1664547016.595647 00000295.float [dec]
122121 1664547016.582420 1664547016.696044 00000296.float [dec]
122124 1664547016.682040 1664547016.796215 00000297.float [dec]
122127 1664547016.782920 1664547016.888934 00000298.float [dec]
122130 1664547016.882710 1664547016.993938 00000299.float [dec]
122133 1664547016.983060 1664547017.096437 00000300.float [dec]
122136 1664547017.082090 1664547017.195181 00000301.float [dec]
122139 1664547017.182250 1664547017.289149 00000302.float [dec]
122142 1664547017.282130 1664547017.395394 00000303.float [dec]
122145 1664547017.382750 1664547017.496361 00000304.float [dec]
122148 1664547017.482740 1664547017.595575 00000305.float [dec]
122151 1664547017.581270 1664547017.689261 00000306.float [dec]
122154 1664547017.682690 1664547017.791150 00000307.float [dec]
122157 1664547017.782810 1664547017.896333 00000308.float [dec]
122160 1664547017.882960 1664547017.995303 00000309.float [dec]
122163 1664547017.981150 1664547018.093301 00000310.float [dec]
122164 1664547018.016170 1664547018.240350 00000311.float [dec]
122165 1664547018.047780 1664547018.303129 00000312.float [dec]
122167 1664547018.114730 1664547018.401717 00000313.float [dec]
122170 1664547018.216110 1664547018.501853 00000314.float [dec]
122171 1664547018.251250 1664547018.602202 00000315.float [dec]
122173 1664547018.316350 1664547018.698887 00000316.float [dec]
122177 1664547018.450430 1664547018.800910 00000317.float [dec]
122186 1664547018.750600 1664547018.901226 00000318.float [dec]
122190 1664547018.881870 1664547019.005004 00000319.float [dec]
122194 1664547019.016560 1664547019.106595 00000320.float [dec]
122197 1664547019.116890 1664547019.203452 00000321.float [dec]
122200 1664547019.216630 1664547019.306286 00000322.float [dec]
122203 1664547019.317130 1664547019.401023 00000323.float [dec]
122204 1664547019.349150 1664547019.506172 00000324.float [dec]
122208 1664547019.482030 1664547019.604836 00000325.float [dec]
122211 1664547019.583800 1664547019.705862 00000326.float [dec]
122213 1664547019.650550 1664547019.801987 00000327.float [dec]
122214 1664547019.683970 1664547019.906157 00000328.float [dec]
122218 1664547019.817680 1664547019.998917 00000329.float [dec]
122219 1664547019.851060 1664547020.218308 00000330.float [dec]
122225 1664547020.051500 1664547020.284062 00000331.float [dec]
122232 1664547020.284560 1664547020.382698 00000332.float [dec]
122235 1664547020.382490 1664547020.480650 00000333.float [dec]
122238 1664547020.485350 1664547020.582869 00000334.float [dec]
122241 1664547020.584980 1664547020.679730 00000335.float [dec]
122243 1664547020.652150 1664547020.774693 00000336.float [dec]
122244 1664547020.684660 1664547021.132012 00000337.float [dec]
122252 1664547020.951860 1664547021.196777 00000338.float [dec]
122259 1664547021.186110 1664547021.297889 00000339.float [dec]
122262 1664547021.285010 1664547021.392856 00000340.float [dec]
122265 1664547021.385190 1664547021.497205 00000341.float [dec]
122268 1664547021.486130 1664547021.597455 00000342.float [dec]
122271 1664547021.586050 1664547021.696532 00000343.float [dec]
122274 1664547021.685780 1664547021.795753 00000344.float [dec]
122277 1664547021.786830 1664547021.897647 00000345.float [dec]
122280 1664547021.885720 1664547021.998668 00000346.float [dec]
122283 1664547021.986210 1664547022.098905 00000347.float [dec]
122286 1664547022.085440 1664547022.194385 00000348.float [dec]
122289 1664547022.184430 1664547022.295543 00000349.float [dec]
122292 1664547022.287100 1664547022.398475 00000350.float [dec]
122295 1664547022.386590 1664547022.499451 00000351.float [dec]
122298 1664547022.486250 1664547022.592968 00000352.float [dec]
122301 1664547022.586660 1664547022.693901 00000353.float [dec]
122303 1664547022.654860 1664547022.788178 00000354.float [dec]
122304 1664547022.687210 1664547023.141027 00000355.float [dec]
122313 1664547022.987180 1664547023.209590 00000356.float [dec]
122314 1664547023.020000 1664547023.391325 00000357.float [dec]
122320 1664547023.219880 1664547023.459291 00000358.float [dec]
122327 1664547023.453880 1664547023.560185 00000359.float [dec]
122330 1664547023.554610 1664547023.658729 00000360.float [dec]
122333 1664547023.653730 1664547023.752979 00000361.float [dec]
122336 1664547023.753490 1664547023.852719 00000362.float [dec]
122339 1664547023.854220 1664547023.957580 00000363.float [dec]
122342 1664547023.954420 1664547024.053886 00000364.float [dec]
122345 1664547024.054750 1664547024.157912 00000365.float [dec]
122348 1664547024.154100 1664547024.248652 00000366.float [dec]
122349 1664547024.185440 1664547024.606477 00000367.float [dec]
122350 1664547024.220150 1664547024.671802 00000368.float [dec]
122353 1664547024.322060 1664547024.770103 00000369.float [dec]
122366 1664547024.754540 1664547024.871541 00000370.float [dec]
122370 1664547024.887780 1664547024.970644 00000371.float [dec]
122372 1664547024.955170 1664547025.070884 00000372.float [dec]
122375 1664547025.055120 1664547025.171395 00000373.float [dec]
122379 1664547025.187670 1664547025.270426 00000374.float [dec]
122381 1664547025.255380 1664547025.373022 00000375.float [dec]
122385 1664547025.387970 1664547025.471473 00000376.float [dec]
122388 1664547025.488500 1664547025.566863 00000377.float [dec]
122390 1664547025.555270 1664547025.671596 00000378.float [dec]
122393 1664547025.655180 1664547025.767289 00000379.float [dec]
122394 1664547025.688870 1664547026.000384 00000380.float [dec]
122402 1664547025.956060 1664547026.066903 00000381.float [dec]
122405 1664547026.055600 1664547026.161487 00000382.float [dec]
122407 1664547026.122330 1664547026.263309 00000383.float [dec]
122408 1664547026.155420 1664547026.366854 00000384.float [dec]
122414 1664547026.355670 1664547026.467052 00000385.float [dec]
122417 1664547026.455320 1664547026.565521 00000386.float [dec]
122420 1664547026.556240 1664547026.665145 00000387.float [dec]
122423 1664547026.655740 1664547026.767113 00000388.float [dec]
122426 1664547026.756360 1664547026.867703 00000389.float [dec]
122429 1664547026.855850 1664547026.965101 00000390.float [dec]
122432 1664547026.956340 1664547027.065550 00000391.float [dec]
122435 1664547027.056480 1664547027.165365 00000392.float [dec]
122438 1664547027.156250 1664547027.267538 00000393.float [dec]
122441 1664547027.255430 1664547027.365437 00000394.float [dec]
122444 1664547027.356010 1664547027.460450 00000395.float [dec]
122447 1664547027.456220 1664547027.566659 00000396.float [dec]
122450 1664547027.556740 1664547027.667308 00000397.float [dec]
122453 1664547027.656950 1664547027.765136 00000398.float [dec]
122456 1664547027.757260 1664547027.865326 00000399.float [dec]
122459 1664547027.856890 1664547027.967691 00000400.float [dec]
122462 1664547027.956800 1664547028.066391 00000401.float [dec]
122465 1664547028.057280 1664547028.167039 00000402.float [dec]
122468 1664547028.157010 1664547028.266719 00000403.float [dec]
122471 1664547028.257570 1664547028.368086 00000404.float [dec]
122474 1664547028.356850 1664547028.466993 00000405.float [dec]
122477 1664547028.456940 1664547028.566724 00000406.float [dec]
122480 1664547028.557000 1664547028.665846 00000407.float [dec]
122483 1664547028.657130 1664547028.766542 00000408.float [dec]
122486 1664547028.757660 1664547028.865326 00000409.float [dec]
122489 1664547028.857570 1664547028.966530 00000410.float [dec]
122492 1664547028.957610 1664547029.066506 00000411.float [dec]
122495 1664547029.057370 1664547029.166929 00000412.float [dec]
122498 1664547029.157820 1664547029.266970 00000413.float [dec]
122501 1664547029.258600 1664547029.366882 00000414.float [dec]
122504 1664547029.358070 1664547029.467094 00000415.float [dec]
122507 1664547029.457540 1664547029.569903 00000416.float [dec]
122510 1664547029.558580 1664547029.666610 00000417.float [dec]
122513 1664547029.659040 1664547029.766951 00000418.float [dec]
122516 1664547029.758770 1664547029.866108 00000419.float [dec]
122519 1664547029.859050 1664547029.965211 00000420.float [dec]
122522 1664547029.957580 1664547030.064739 00000421.float [dec]
122525 1664547030.058670 1664547030.166837 00000422.float [dec]
122528 1664547030.159140 1664547030.267864 00000423.float [dec]
122531 1664547030.258820 1664547030.367966 00000424.float [dec]
122534 1664547030.358910 1664547030.466926 00000425.float [dec]
122537 1664547030.458830 1664547030.567857 00000426.float [dec]
122540 1664547030.558740 1664547030.667389 00000427.float [dec]
122543 1664547030.659050 1664547030.766245 00000428.float [dec]
122546 1664547030.758780 1664547030.863877 00000429.float [dec]
122547 1664547030.792480 1664547030.982082 00000430.float [dec]
122549 1664547030.858790 1664547031.071241 00000431.float [dec]
122555 1664547031.059490 1664547031.169255 00000432.float [dec]
122558 1664547031.159390 1664547031.269333 00000433.float [dec]
122561 1664547031.259400 1664547031.367863 00000434.float [dec]
122564 1664547031.359450 1664547031.466912 00000435.float [dec]
122567 1664547031.459800 1664547031.568355 00000436.float [dec]
122570 1664547031.559610 1664547031.667847 00000437.float [dec]
122573 1664547031.659800 1664547031.767878 00000438.float [dec]
122574 1664547031.692880 1664547031.868213 00000439.float [dec]
122579 1664547031.860000 1664547031.968344 00000440.float [dec]
122582 1664547031.959850 1664547032.061579 00000441.float [dec]
122585 1664547032.057970 1664547032.168451 00000442.float [dec]
122588 1664547032.160440 1664547032.268454 00000443.float [dec]
122591 1664547032.260360 1664547032.371148 00000444.float [dec]
122594 1664547032.359740 1664547032.468776 00000445.float [dec]
122597 1664547032.459610 1664547032.567784 00000446.float [dec]
122600 1664547032.558230 1664547032.667890 00000447.float [dec]
122603 1664547032.658400 1664547032.769375 00000448.float [dec]
122606 1664547032.758750 1664547032.869988 00000449.float [dec]
122609 1664547032.860740 1664547032.968485 00000450.float [dec]
122612 1664547032.960410 1664547033.070663 00000451.float [dec]
122615 1664547033.058670 1664547033.168280 00000452.float [dec]
122617 1664547033.128060 1664547033.262009 00000453.float [dec]
122620 1664547033.227610 1664547033.369452 00000454.float [dec]
122622 1664547033.293990 1664547033.462168 00000455.float [dec]
122627 1664547033.461320 1664547033.570909 00000456.float [dec]
122629 1664547033.527680 1664547033.664475 00000457.float [dec]
122630 1664547033.561120 1664547033.822314 00000458.float [dec]
122631 1664547033.594540 1664547034.063873 00000459.float [dec]
122639 1664547033.861320 1664547034.131821 00000460.float [dec]
122647 1664547034.127650 1664547034.223541 00000461.float [dec]
122650 1664547034.226300 1664547034.320260 00000462.float [dec]
122653 1664547034.328110 1664547034.430343 00000463.float [dec]
122654 1664547034.361530 1664547034.546334 00000464.float [dec]
122659 1664547034.528010 1664547034.627802 00000465.float [dec]
122660 1664547034.562540 1664547034.730423 00000466.float [dec]
122665 1664547034.728950 1664547034.828837 00000467.float [dec]
122668 1664547034.829160 1664547034.929097 00000468.float [dec]
122671 1664547034.929070 1664547035.025103 00000469.float [dec]
122674 1664547035.028870 1664547035.130059 00000470.float [dec]
122677 1664547035.130300 1664547035.228631 00000471.float [dec]
122678 1664547035.162680 1664547035.329340 00000472.float [dec]
122681 1664547035.262430 1664547035.428419 00000473.float [dec]
122686 1664547035.429240 1664547035.526064 00000474.float [dec]
122687 1664547035.463040 1664547035.620444 00000475.float [dec]
122688 1664547035.495770 1664547035.789316 00000476.float [dec]
122693 1664547035.663660 1664547035.852277 00000477.float [dec]
122699 1664547035.863390 1664547035.947383 00000478.float [dec]
122701 1664547035.927570 1664547036.048162 00000479.float [dec]
122705 1664547036.062820 1664547036.154020 00000480.float [dec]
122708 1664547036.160230 1664547036.254526 00000481.float [dec]
122711 1664547036.263280 1664547036.354293 00000482.float [dec]
122714 1664547036.363640 1664547036.451957 00000483.float [dec]
122716 1664547036.430500 1664547036.556448 00000484.float [dec]
122719 1664547036.529880 1664547036.655782 00000485.float [dec]
122723 1664547036.663520 1664547036.750453 00000486.float [dec]
122725 1664547036.729460 1664547036.847858 00000487.float [dec]
122726 1664547036.762810 1664547037.179870 00000488.float [dec]
122728 1664547036.830530 1664547037.242761 00000489.float [dec]
122733 1664547036.996480 1664547037.337102 00000490.float [dec]
122736 1664547037.096450 1664547037.448041 00000491.float [dec]
122740 1664547037.230370 1664547037.540972 00000492.float [dec]
122743 1664547037.330560 1664547037.641642 00000493.float [dec]
122752 1664547037.630360 1664547037.736842 00000494.float [dec]
122756 1664547037.762040 1664547037.841373 00000495.float [dec]
122758 1664547037.831170 1664547037.945059 00000496.float [dec]
122761 1664547037.930590 1664547038.044071 00000497.float [dec]
122764 1664547038.031260 1664547038.144374 00000498.float [dec]
122767 1664547038.131410 1664547038.241065 00000499.float [dec]
122770 1664547038.232150 1664547038.346119 00000500.float [dec]
122773 1664547038.331420 1664547038.440525 00000501.float [dec]
122776 1664547038.430990 1664547038.547683 00000502.float [dec]
122779 1664547038.531430 1664547038.645366 00000503.float [dec]
122782 1664547038.631850 1664547038.745945 00000504.float [dec]
122785 1664547038.731310 1664547038.842491 00000505.float [dec]
122788 1664547038.831340 1664547038.946415 00000506.float [dec]
122791 1664547038.931580 1664547039.047887 00000507.float [dec]
122794 1664547039.031350 1664547039.145368 00000508.float [dec]
122797 1664547039.129700 1664547039.239372 00000509.float [dec]
122800 1664547039.232340 1664547039.344857 00000510.float [dec]
122804 1664547039.365170 1664547039.446133 00000511.float [dec]
122806 1664547039.431690 1664547039.545528 00000512.float [dec]
122809 1664547039.532190 1664547039.641752 00000513.float [dec]
122812 1664547039.631660 1664547039.747368 00000514.float [dec]
122815 1664547039.731700 1664547039.847056 00000515.float [dec]
122818 1664547039.831780 1664547039.945756 00000516.float [dec]
122821 1664547039.932600 1664547040.041460 00000517.float [dec]
122824 1664547040.032170 1664547040.146316 00000518.float [dec]
122827 1664547040.132230 1664547040.244484 00000519.float [dec]
122830 1664547040.232070 1664547040.347170 00000520.float [dec]
122833 1664547040.332390 1664547040.439248 00000521.float [dec]
122836 1664547040.432430 1664547040.545735 00000522.float [dec]
122840 1664547040.566380 1664547040.644748 00000523.float [dec]
122842 1664547040.632300 1664547040.745811 00000524.float [dec]
122845 1664547040.732640 1664547040.844485 00000525.float [dec]
122848 1664547040.832770 1664547040.947050 00000526.float [dec]
122851 1664547040.932610 1664547041.046979 00000527.float [dec]
122854 1664547041.033820 1664547041.144597 00000528.float [dec]
122857 1664547041.134020 1664547041.243711 00000529.float [dec]
122860 1664547041.233290 1664547041.346545 00000530.float [dec]
122863 1664547041.333190 1664547041.438030 00000531.float [dec]
122866 1664547041.433410 1664547041.547221 00000532.float [dec]
122869 1664547041.531480 1664547041.645548 00000533.float [dec]
122872 1664547041.633150 1664547041.745510 00000534.float [dec]
122875 1664547041.733480 1664547041.839254 00000535.float [dec]
122876 1664547041.766730 1664547042.015090 00000536.float [dec]
122882 1664547041.967920 1664547042.082853 00000537.float [dec]
122885 1664547042.067050 1664547042.179275 00000538.float [dec]
122888 1664547042.167060 1664547042.281651 00000539.float [dec]
122891 1664547042.267860 1664547042.375226 00000540.float [dec]
122894 1664547042.367260 1664547042.483441 00000541.float [dec]
122897 1664547042.468300 1664547042.581740 00000542.float [dec]
122900 1664547042.566990 1664547042.673922 00000543.float [dec]
122903 1664547042.667700 1664547042.779545 00000544.float [dec]
122905 1664547042.734070 1664547042.872384 00000545.float [dec]
122906 1664547042.767210 1664547043.009487 00000546.float [dec]
122912 1664547042.968030 1664547043.083512 00000547.float [dec]
122915 1664547043.068400 1664547043.182192 00000548.float [dec]
122918 1664547043.167720 1664547043.280274 00000549.float [dec]
122921 1664547043.268170 1664547043.379871 00000550.float [dec]
122924 1664547043.368110 1664547043.476401 00000551.float [dec]
122927 1664547043.469150 1664547043.582299 00000552.float [dec]
122930 1664547043.568240 1664547043.679926 00000553.float [dec]
122933 1664547043.666860 1664547043.777400 00000554.float [dec]
122936 1664547043.768660 1664547043.881133 00000555.float [dec]
122939 1664547043.868480 1664547043.978715 00000556.float [dec]
122942 1664547043.968420 1664547044.079019 00000557.float [dec]
122945 1664547044.068300 1664547044.178800 00000558.float [dec]
122947 1664547044.135690 1664547044.273797 00000559.float [dec]
122951 1664547044.269570 1664547044.375857 00000560.float [dec]
122952 1664547044.303250 1664547044.743745 00000561.float [dec]
122955 1664547044.402640 1664547044.803225 00000562.float [dec]
122957 1664547044.468830 1664547044.900549 00000563.float [dec]
122958 1664547044.503140 1664547045.717697 00000564.float [dec]
122959 1664547044.535840 1664547045.823770 00000565.float [dec]
122965 1664547044.735990 1664547045.882278 00000566.float [dec]
122972 1664547044.969840 1664547045.983962 00000567.float [dec]
122985 1664547045.401090 1664547046.088629 00000568.float [dec]
123005 1664547046.070880 1664547046.183638 00000569.float [dec]
123008 1664547046.170970 1664547046.283561 00000570.float [dec]
123009 1664547046.204040 1664547046.381400 00000571.float [dec]
123011 1664547046.270820 1664547046.485501 00000572.float [dec]
123012 1664547046.304410 1664547046.609108 00000573.float [dec]
123013 1664547046.337440 1664547046.692007 00000574.float [dec]
123014 1664547046.370750 1664547046.857693 00000575.float [dec]
123016 1664547046.437120 1664547046.924332 00000576.float [dec]
123021 1664547046.604260 1664547047.011343 00000577.float [dec]
123022 1664547046.637310 1664547047.133536 00000578.float [dec]
123027 1664547046.804030 1664547047.220667 00000579.float [dec]
123031 1664547046.937760 1664547047.321626 00000580.float [dec]
123037 1664547047.138440 1664547047.412970 00000581.float [dec]
123038 1664547047.171130 1664547047.572691 00000582.float [dec]
123039 1664547047.204670 1664547047.764548 00000583.float [dec]
123043 1664547047.338110 1664547047.832985 00000584.float [dec]
123051 1664547047.604830 1664547047.925491 00000585.float [dec]
123052 1664547047.638100 1664547048.026003 00000586.float [dec]
123064 1664547048.038920 1664547048.122610 00000587.float [dec]
123065 1664547048.073200 1664547048.225510 00000588.float [dec]
