121174 1664546984.991920 1664546985.094784 00000000.jpg [rgb]
121177 1664546985.091860 1664546985.193897 00000001.jpg [rgb]
121180 1664546985.191840 1664546985.292976 00000002.jpg [rgb]
121183 1664546985.291890 1664546985.394256 00000003.jpg [rgb]
121186 1664546985.393130 1664546985.495748 00000004.jpg [rgb]
121189 1664546985.491890 1664546985.594926 00000005.jpg [rgb]
121192 1664546985.591880 1664546985.695620 00000006.jpg [rgb]
121195 1664546985.691900 1664546985.794728 00000007.jpg [rgb]
121198 1664546985.792140 1664546985.899257 00000008.jpg [rgb]
121201 1664546985.892020 1664546985.994890 00000009.jpg [rgb]
121204 1664546985.992670 1664546986.093992 00000010.jpg [rgb]
121207 1664546986.092060 1664546986.197358 00000011.jpg [rgb]
121210 1664546986.190590 1664546986.296686 00000012.jpg [rgb]
121213 1664546986.293640 1664546986.396053 00000013.jpg [rgb]
121216 1664546986.393510 1664546986.493709 00000014.jpg [rgb]
121219 1664546986.492520 1664546986.593443 00000015.jpg [rgb]
121220 1664546986.525810 1664546986.791929 00000016.jpg [rgb]
121227 1664546986.759960 1664546986.851295 00000017.jpg [rgb]
121230 1664546986.860260 1664546986.950029 00000018.jpg [rgb]
121233 1664546986.959900 1664546987.056504 00000019.jpg [rgb]
121236 1664546987.058030 1664546987.157988 00000020.jpg [rgb]
121239 1664546987.159840 1664546987.258035 00000021.jpg [rgb]
121242 1664546987.259840 1664546987.352740 00000022.jpg [rgb]
121245 1664546987.360200 1664546987.458446 00000023.jpg [rgb]
121248 1664546987.460800 1664546987.554414 00000024.jpg [rgb]
121250 1664546987.527770 1664546987.650072 00000025.jpg [rgb]
121254 1664546987.660770 1664546987.753856 00000026.jpg [rgb]
121255 1664546987.693850 1664546987.857763 00000027.jpg [rgb]
121260 1664546987.861340 1664546987.957962 00000028.jpg [rgb]
121263 1664546987.961380 1664546988.057780 00000029.jpg [rgb]
121266 1664546988.061220 1664546988.157943 00000030.jpg [rgb]
121269 1664546988.161700 1664546988.257232 00000031.jpg [rgb]
121272 1664546988.261550 1664546988.358570 00000032.jpg [rgb]
121275 1664546988.359680 1664546988.454460 00000033.jpg [rgb]
121278 1664546988.461440 1664546988.557795 00000034.jpg [rgb]
121281 1664546988.561680 1664546988.659151 00000035.jpg [rgb]
121284 1664546988.661160 1664546988.757220 00000036.jpg [rgb]
121287 1664546988.761990 1664546988.857500 00000037.jpg [rgb]
121290 1664546988.861640 1664546988.955560 00000038.jpg [rgb]
121293 1664546988.962290 1664546989.059524 00000039.jpg [rgb]
121296 1664546989.061690 1664546989.158586 00000040.jpg [rgb]
121299 1664546989.159920 1664546989.255407 00000041.jpg [rgb]
121302 1664546989.261860 1664546989.356862 00000042.jpg [rgb]
121305 1664546989.362090 1664546989.457969 00000043.jpg [rgb]
121307 1664546989.428970 1664546989.553073 00000044.jpg [rgb]
121311 1664546989.562040 1664546989.653165 00000045.jpg [rgb]
121314 1664546989.661880 1664546989.762388 00000046.jpg [rgb]
121317 1664546989.762150 1664546989.859793 00000047.jpg [rgb]
121319 1664546989.828940 1664546989.948892 00000048.jpg [rgb]
121323 1664546989.961860 1664546990.054871 00000049.jpg [rgb]
121324 1664546989.995300 1664546990.192325 00000050.jpg [rgb]
121329 1664546990.162620 1664546990.264311 00000051.jpg [rgb]
121332 1664546990.262510 1664546990.352313 00000052.jpg [rgb]
121334 1664546990.329130 1664546990.458643 00000053.jpg [rgb]
121338 1664546990.462920 1664546990.554618 00000054.jpg [rgb]
121339 1664546990.496520 1664546990.653389 00000055.jpg [rgb]
121343 1664546990.628240 1664546990.758455 00000056.jpg [rgb]
121347 1664546990.762670 1664546990.854756 00000057.jpg [rgb]
121349 1664546990.827690 1664546990.952485 00000058.jpg [rgb]
121350 1664546990.863150 1664546991.125069 00000059.jpg [rgb]
121355 1664546991.029450 1664546991.184396 00000060.jpg [rgb]
121356 1664546991.062790 1664546991.371889 00000061.jpg [rgb]
121362 1664546991.263440 1664546991.437102 00000062.jpg [rgb]
121368 1664546991.463100 1664546991.531022 00000063.jpg [rgb]
121369 1664546991.494610 1664546991.685380 00000064.jpg [rgb]
121374 1664546991.663150 1664546991.750769 00000065.jpg [rgb]
121375 1664546991.696510 1664546991.866158 00000066.jpg [rgb]
121378 1664546991.796890 1664546991.945327 00000067.jpg [rgb]
121382 1664546991.930770 1664546992.047156 00000068.jpg [rgb]
121386 1664546992.063960 1664546992.146648 00000069.jpg [rgb]
121389 1664546992.163420 1664546992.250158 00000070.jpg [rgb]
121392 1664546992.263470 1664546992.341661 00000071.jpg [rgb]
121395 1664546992.363880 1664546992.446675 00000072.jpg [rgb]
121398 1664546992.464420 1664546992.549857 00000073.jpg [rgb]
121401 1664546992.562690 1664546992.650631 00000074.jpg [rgb]
121402 1664546992.596720 1664546992.739574 00000075.jpg [rgb]
121403 1664546992.629320 1664546993.080761 00000076.jpg [rgb]
121405 1664546992.695690 1664546993.143705 00000077.jpg [rgb]
121416 1664546993.064280 1664546993.241892 00000078.jpg [rgb]
121418 1664546993.130960 1664546993.335583 00000079.jpg [rgb]
121423 1664546993.297750 1664546993.436222 00000080.jpg [rgb]
121424 1664546993.330980 1664546993.535749 00000081.jpg [rgb]
121425 1664546993.364740 1664546993.634466 00000082.jpg [rgb]
121428 1664546993.464760 1664546993.744372 00000083.jpg [rgb]
121431 1664546993.563220 1664546993.841692 00000084.jpg [rgb]
121434 1664546993.663150 1664546993.946860 00000085.jpg [rgb]
121439 1664546993.832330 1664546994.046229 00000086.jpg [rgb]
121442 1664546993.931750 1664546994.136161 00000087.jpg [rgb]
121446 1664546994.065030 1664546994.244054 00000088.jpg [rgb]
121452 1664546994.265230 1664546994.343000 00000089.jpg [rgb]
121455 1664546994.363440 1664546994.444374 00000090.jpg [rgb]
121458 1664546994.463960 1664546994.547374 00000091.jpg [rgb]
121461 1664546994.563720 1664546994.646854 00000092.jpg [rgb]
121464 1664546994.665590 1664546994.739416 00000093.jpg [rgb]
121466 1664546994.731400 1664546994.844640 00000094.jpg [rgb]
121470 1664546994.865060 1664546994.947139 00000095.jpg [rgb]
121473 1664546994.966280 1664546995.042532 00000096.jpg [rgb]
121476 1664546995.066030 1664546995.142347 00000097.jpg [rgb]
121479 1664546995.164180 1664546995.244276 00000098.jpg [rgb]
121481 1664546995.234220 1664546995.346728 00000099.jpg [rgb]
121485 1664546995.365640 1664546995.443169 00000100.jpg [rgb]
121488 1664546995.466560 1664546995.543597 00000101.jpg [rgb]
121490 1664546995.532960 1664546995.644433 00000102.jpg [rgb]
121493 1664546995.631820 1664546995.749094 00000103.jpg [rgb]
121497 1664546995.765220 1664546995.845533 00000104.jpg [rgb]
121500 1664546995.866240 1664546995.947098 00000105.jpg [rgb]
121503 1664546995.967090 1664546996.047388 00000106.jpg [rgb]
121504 1664546995.999910 1664546996.141934 00000107.jpg [rgb]
121508 1664546996.134300 1664546996.245877 00000108.jpg [rgb]
121511 1664546996.234320 1664546996.347298 00000109.jpg [rgb]
121515 1664546996.366780 1664546996.447476 00000110.jpg [rgb]
121518 1664546996.466870 1664546996.541318 00000111.jpg [rgb]
121521 1664546996.567140 1664546996.641602 00000112.jpg [rgb]
121524 1664546996.667080 1664546996.747630 00000113.jpg [rgb]
121526 1664546996.734350 1664546996.849422 00000114.jpg [rgb]
121529 1664546996.834030 1664546996.948431 00000115.jpg [rgb]
121532 1664546996.933770 1664546997.044065 00000116.jpg [rgb]
121535 1664546997.034270 1664546997.149308 00000117.jpg [rgb]
121539 1664546997.167440 1664546997.250685 00000118.jpg [rgb]
121542 1664546997.267480 1664546997.348021 00000119.jpg [rgb]
121545 1664546997.367470 1664546997.441590 00000120.jpg [rgb]
121548 1664546997.467680 1664546997.548253 00000121.jpg [rgb]
121551 1664546997.566400 1664546997.649986 00000122.jpg [rgb]
121553 1664546997.634110 1664546997.739651 00000123.jpg [rgb]
121554 1664546997.667480 1664546998.039506 00000124.jpg [rgb]
121562 1664546997.934610 1664546998.101341 00000125.jpg [rgb]
121567 1664546998.102060 1664546998.203546 00000126.jpg [rgb]
121570 1664546998.201580 1664546998.303497 00000127.jpg [rgb]
121573 1664546998.302160 1664546998.402253 00000128.jpg [rgb]
121576 1664546998.402050 1664546998.505663 00000129.jpg [rgb]
121579 1664546998.502030 1664546998.601515 00000130.jpg [rgb]
121582 1664546998.601670 1664546998.703276 00000131.jpg [rgb]
121583 1664546998.635800 1664546998.909960 00000132.jpg [rgb]
121588 1664546998.801240 1664546998.975796 00000133.jpg [rgb]
121593 1664546998.967920 1664546999.073896 00000134.jpg [rgb]
121596 1664546999.069500 1664546999.176060 00000135.jpg [rgb]
121599 1664546999.166650 1664546999.275763 00000136.jpg [rgb]
121602 1664546999.269410 1664546999.374319 00000137.jpg [rgb]
121605 1664546999.369440 1664546999.474708 00000138.jpg [rgb]
121609 1664546999.499830 1664546999.576259 00000139.jpg [rgb]
121611 1664546999.567040 1664546999.675227 00000140.jpg [rgb]
121615 1664546999.700790 1664546999.774211 00000141.jpg [rgb]
121617 1664546999.767510 1664546999.874935 00000142.jpg [rgb]
121621 1664546999.902250 1664546999.976628 00000143.jpg [rgb]
121623 1664546999.969280 1664547000.075129 00000144.jpg [rgb]
121626 1664547000.069370 1664547000.176130 00000145.jpg [rgb]
121629 1664547000.170130 1664547000.276576 00000146.jpg [rgb]
121632 1664547000.270150 1664547000.375493 00000147.jpg [rgb]
121635 1664547000.369700 1664547000.475771 00000148.jpg [rgb]
121638 1664547000.469670 1664547000.575723 00000149.jpg [rgb]
121641 1664547000.570150 1664547000.675798 00000150.jpg [rgb]
121644 1664547000.669830 1664547000.775459 00000151.jpg [rgb]
121645 1664547000.703100 1664547000.866819 00000152.jpg [rgb]
121646 1664547000.735190 1664547001.331599 00000153.jpg [rgb]
121650 1664547000.868300 1664547001.393217 00000154.jpg [rgb]
121657 1664547001.102210 1664547001.490319 00000155.jpg [rgb]
121669 1664547001.504310 1664547001.595873 00000156.jpg [rgb]
121672 1664547001.604370 1664547001.693072 00000157.jpg [rgb]
121675 1664547001.702370 1664547001.796103 00000158.jpg [rgb]
121678 1664547001.804000 1664547001.896571 00000159.jpg [rgb]
121681 1664547001.902440 1664547001.993175 00000160.jpg [rgb]
121684 1664547002.002790 1664547002.088187 00000161.jpg [rgb]
121686 1664547002.071680 1664547002.190745 00000162.jpg [rgb]
121688 1664547002.137990 1664547002.291864 00000163.jpg [rgb]
121691 1664547002.238090 1664547002.392512 00000164.jpg [rgb]
121695 1664547002.371130 1664547002.486318 00000165.jpg [rgb]
121696 1664547002.404370 1664547002.591274 00000166.jpg [rgb]
121702 1664547002.604300 1664547002.690806 00000167.jpg [rgb]
121705 1664547002.704550 1664547002.794726 00000168.jpg [rgb]
121708 1664547002.805300 1664547002.895691 00000169.jpg [rgb]
121711 1664547002.905030 1664547002.997199 00000170.jpg [rgb]
121714 1664547003.003140 1664547003.093360 00000171.jpg [rgb]
121717 1664547003.105720 1664547003.193639 00000172.jpg [rgb]
121720 1664547003.205440 1664547003.298689 00000173.jpg [rgb]
121723 1664547003.305440 1664547003.397763 00000174.jpg [rgb]
121726 1664547003.405170 1664547003.496412 00000175.jpg [rgb]
121729 1664547003.504070 1664547003.595575 00000176.jpg [rgb]
121732 1664547003.606090 1664547003.700649 00000177.jpg [rgb]
121733 1664547003.638740 1664547003.792073 00000178.jpg [rgb]
121735 1664547003.705500 1664547003.891680 00000179.jpg [rgb]
121740 1664547003.870520 1664547003.993285 00000180.jpg [rgb]
121744 1664547004.005610 1664547004.093075 00000181.jpg [rgb]
121745 1664547004.039080 1664547004.198026 00000182.jpg [rgb]
121750 1664547004.204550 1664547004.297648 00000183.jpg [rgb]
121753 1664547004.306450 1664547004.396634 00000184.jpg [rgb]
121756 1664547004.406020 1664547004.496881 00000185.jpg [rgb]
121759 1664547004.506180 1664547004.594323 00000186.jpg [rgb]
121762 1664547004.607160 1664547004.700542 00000187.jpg [rgb]
121765 1664547004.706080 1664547004.796579 00000188.jpg [rgb]
121768 1664547004.806810 1664547004.900251 00000189.jpg [rgb]
121771 1664547004.904750 1664547004.996069 00000190.jpg [rgb]
121774 1664547005.005250 1664547005.099291 00000191.jpg [rgb]
121777 1664547005.106330 1664547005.197845 00000192.jpg [rgb]
121780 1664547005.206240 1664547005.300399 00000193.jpg [rgb]
121783 1664547005.306800 1664547005.394091 00000194.jpg [rgb]
121786 1664547005.406950 1664547005.495922 00000195.jpg [rgb]
121789 1664547005.507660 1664547005.600895 00000196.jpg [rgb]
121792 1664547005.607020 1664547005.699692 00000197.jpg [rgb]
121795 1664547005.706740 1664547005.795735 00000198.jpg [rgb]
121798 1664547005.806920 1664547005.897933 00000199.jpg [rgb]
121801 1664547005.907050 1664547005.996058 00000200.jpg [rgb]
121804 1664547006.007220 1664547006.100387 00000201.jpg [rgb]
121807 1664547006.106030 1664547006.195556 00000202.jpg [rgb]
121810 1664547006.207300 1664547006.300954 00000203.jpg [rgb]
121813 1664547006.307380 1664547006.400517 00000204.jpg [rgb]
121816 1664547006.407510 1664547006.501426 00000205.jpg [rgb]
121819 1664547006.507740 1664547006.597114 00000206.jpg [rgb]
121822 1664547006.607410 1664547006.699583 00000207.jpg [rgb]
121825 1664547006.707780 1664547006.795248 00000208.jpg [rgb]
121828 1664547006.807660 1664547006.900020 00000209.jpg [rgb]
121831 1664547006.908570 1664547006.996422 00000210.jpg [rgb]
121834 1664547007.006510 1664547007.097516 00000211.jpg [rgb]
121837 1664547007.106180 1664547007.200598 00000212.jpg [rgb]
121840 1664547007.207990 1664547007.297270 00000213.jpg [rgb]
121842 1664547007.275040 1664547007.402594 00000214.jpg [rgb]
121846 1664547007.406600 1664547007.502134 00000215.jpg [rgb]
121849 1664547007.508070 1664547007.598823 00000216.jpg [rgb]
121852 1664547007.609220 1664547007.700179 00000217.jpg [rgb]
121855 1664547007.708860 1664547007.798175 00000218.jpg [rgb]
121858 1664547007.808170 1664547007.901161 00000219.jpg [rgb]
121861 1664547007.908730 1664547008.000043 00000220.jpg [rgb]
121864 1664547008.009230 1664547008.100968 00000221.jpg [rgb]
121867 1664547008.109030 1664547008.198227 00000222.jpg [rgb]
121870 1664547008.208980 1664547008.302249 00000223.jpg [rgb]
121873 1664547008.307050 1664547008.398720 00000224.jpg [rgb]
121876 1664547008.409280 1664547008.501214 00000225.jpg [rgb]
121879 1664547008.510130 1664547008.599521 00000226.jpg [rgb]
121882 1664547008.609850 1664547008.698504 00000227.jpg [rgb]
121883 1664547008.642790 1664547008.995793 00000228.jpg [rgb]
121893 1664547008.974480 1664547009.058324 00000229.jpg [rgb]
121896 1664547009.076330 1664547009.158391 00000230.jpg [rgb]
121899 1664547009.175710 1664547009.264883 00000231.jpg [rgb]
121902 1664547009.275730 1664547009.361267 00000232.jpg [rgb]
121905 1664547009.376180 1664547009.457785 00000233.jpg [rgb]
121907 1664547009.443570 1664547009.561690 00000234.jpg [rgb]
121911 1664547009.576970 1664547009.663385 00000235.jpg [rgb]
121913 1664547009.643060 1664547009.755266 00000236.jpg [rgb]
121914 1664547009.675950 1664547009.856012 00000237.jpg [rgb]
121916 1664547009.742830 1664547009.959890 00000238.jpg [rgb]
121923 1664547009.976200 1664547010.058049 00000239.jpg [rgb]
121925 1664547010.042880 1664547010.158808 00000240.jpg [rgb]
121929 1664547010.176530 1664547010.260561 00000241.jpg [rgb]
121932 1664547010.277030 1664547010.362082 00000242.jpg [rgb]
121935 1664547010.376720 1664547010.458173 00000243.jpg [rgb]
121938 1664547010.477070 1664547010.559061 00000244.jpg [rgb]
121941 1664547010.577520 1664547010.662523 00000245.jpg [rgb]
121944 1664547010.677300 1664547010.759080 00000246.jpg [rgb]
121947 1664547010.777020 1664547010.854763 00000247.jpg [rgb]
121950 1664547010.876980 1664547010.960185 00000248.jpg [rgb]
121953 1664547010.977240 1664547011.062532 00000249.jpg [rgb]
121956 1664547011.077320 1664547011.160693 00000250.jpg [rgb]
121959 1664547011.177120 1664547011.258803 00000251.jpg [rgb]
121961 1664547011.245120 1664547011.362308 00000252.jpg [rgb]
121964 1664547011.344160 1664547011.461897 00000253.jpg [rgb]
121968 1664547011.478250 1664547011.563399 00000254.jpg [rgb]
121971 1664547011.578340 1664547011.662181 00000255.jpg [rgb]
121972 1664547011.611440 1664547011.753106 00000256.jpg [rgb]
121977 1664547011.779000 1664547011.862426 00000257.jpg [rgb]
121979 1664547011.844810 1664547011.962370 00000258.jpg [rgb]
121983 1664547011.978770 1664547012.059941 00000259.jpg [rgb]
121984 1664547012.011700 1664547012.286576 00000260.jpg [rgb]
121985 1664547012.045090 1664547012.347440 00000261.jpg [rgb]
121994 1664547012.345200 1664547012.450361 00000262.jpg [rgb]
121997 1664547012.445620 1664547012.549650 00000263.jpg [rgb]
122000 1664547012.545570 1664547012.652528 00000264.jpg [rgb]
122003 1664547012.645240 1664547012.752278 00000265.jpg [rgb]
122006 1664547012.745430 1664547012.848279 00000266.jpg [rgb]
122009 1664547012.845520 1664547012.950360 00000267.jpg [rgb]
122012 1664547012.945360 1664547013.049862 00000268.jpg [rgb]
122013 1664547012.978840 1664547013.149166 00000269.jpg [rgb]
122016 1664547013.079170 1664547013.242000 00000270.jpg [rgb]
122018 1664547013.145510 1664547013.347431 00000271.jpg [rgb]
122019 1664547013.179540 1664547013.448621 00000272.jpg [rgb]
122021 1664547013.246090 1664547013.551064 00000273.jpg [rgb]
122030 1664547013.546230 1664547013.649715 00000274.jpg [rgb]
122034 1664547013.678120 1664547013.747383 00000275.jpg [rgb]
122036 1664547013.746620 1664547013.850477 00000276.jpg [rgb]
122039 1664547013.846310 1664547013.952105 00000277.jpg [rgb]
122042 1664547013.946360 1664547014.051816 00000278.jpg [rgb]
122045 1664547014.046840 1664547014.147569 00000279.jpg [rgb]
122048 1664547014.146460 1664547014.246324 00000280.jpg [rgb]
122051 1664547014.246900 1664547014.351087 00000281.jpg [rgb]
122054 1664547014.345850 1664547014.448900 00000282.jpg [rgb]
122057 1664547014.446630 1664547014.552879 00000283.jpg [rgb]
122060 1664547014.547460 1664547014.650110 00000284.jpg [rgb]
122063 1664547014.646130 1664547014.743811 00000285.jpg [rgb]
122064 1664547014.679900 1664547015.129288 00000286.jpg [rgb]
122067 1664547014.780840 1664547015.191027 00000287.jpg [rgb]
122072 1664547014.947280 1664547015.289934 00000288.jpg [rgb]
122081 1664547015.246860 1664547015.386192 00000289.jpg [rgb]
122086 1664547015.414120 1664547015.496240 00000290.jpg [rgb]
122089 1664547015.514580 1664547015.587421 00000291.jpg [rgb]
122091 1664547015.579010 1664547015.696059 00000292.jpg [rgb]
122094 1664547015.681640 1664547015.795024 00000293.jpg [rgb]
122098 1664547015.814280 1664547015.894196 00000294.jpg [rgb]
122101 1664547015.914330 1664547015.993289 00000295.jpg [rgb]
122104 1664547016.014240 1664547016.093938 00000296.jpg [rgb]
122107 1664547016.116060 1664547016.195481 00000297.jpg [rgb]
122110 1664547016.213880 1664547016.295893 00000298.jpg [rgb]
122113 1664547016.314910 1664547016.396247 00000299.jpg [rgb]
122116 1664547016.414740 1664547016.490756 00000300.jpg [rgb]
122119 1664547016.513020 1664547016.596058 00000301.jpg [rgb]
122122 1664547016.614580 1664547016.696538 00000302.jpg [rgb]
122125 1664547016.714910 1664547016.796781 00000303.jpg [rgb]
122128 1664547016.815170 1664547016.889400 00000304.jpg [rgb]
122130 1664547016.882220 1664547016.994431 00000305.jpg [rgb]
122134 1664547017.015400 1664547017.096804 00000306.jpg [rgb]
122137 1664547017.114770 1664547017.195620 00000307.jpg [rgb]
122140 1664547017.214920 1664547017.289606 00000308.jpg [rgb]
122142 1664547017.281440 1664547017.395814 00000309.jpg [rgb]
122145 1664547017.382270 1664547017.496926 00000310.jpg [rgb]
122149 1664547017.515420 1664547017.596040 00000311.jpg [rgb]
122152 1664547017.615390 1664547017.689889 00000312.jpg [rgb]
122155 1664547017.715410 1664547017.791602 00000313.jpg [rgb]
122158 1664547017.815300 1664547017.896730 00000314.jpg [rgb]
122160 1664547017.882480 1664547017.995731 00000315.jpg [rgb]
122164 1664547018.015690 1664547018.093679 00000316.jpg [rgb]
122165 1664547018.047290 1664547018.240838 00000317.jpg [rgb]
122166 1664547018.081500 1664547018.303518 00000318.jpg [rgb]
122168 1664547018.149110 1664547018.402012 00000319.jpg [rgb]
122171 1664547018.250930 1664547018.502242 00000320.jpg [rgb]
122172 1664547018.282680 1664547018.602545 00000321.jpg [rgb]
122174 1664547018.350240 1664547018.699462 00000322.jpg [rgb]
122178 1664547018.483260 1664547018.801319 00000323.jpg [rgb]
122188 1664547018.816080 1664547018.901576 00000324.jpg [rgb]
122191 1664547018.915990 1664547019.005311 00000325.jpg [rgb]
122194 1664547019.016080 1664547019.106912 00000326.jpg [rgb]
122197 1664547019.116420 1664547019.203742 00000327.jpg [rgb]
122200 1664547019.216130 1664547019.306680 00000328.jpg [rgb]
122203 1664547019.316720 1664547019.401588 00000329.jpg [rgb]
122204 1664547019.348800 1664547019.507116 00000330.jpg [rgb]
122209 1664547019.517570 1664547019.605225 00000331.jpg [rgb]
122211 1664547019.583280 1664547019.706337 00000332.jpg [rgb]
122213 1664547019.650070 1664547019.802482 00000333.jpg [rgb]
122215 1664547019.717170 1664547019.906518 00000334.jpg [rgb]
122218 1664547019.817210 1664547019.999366 00000335.jpg [rgb]
122219 1664547019.850590 1664547020.218778 00000336.jpg [rgb]
122223 1664547019.984520 1664547020.284394 00000337.jpg [rgb]
122232 1664547020.284080 1664547020.383067 00000338.jpg [rgb]
122235 1664547020.381880 1664547020.481144 00000339.jpg [rgb]
122238 1664547020.484770 1664547020.583499 00000340.jpg [rgb]
122241 1664547020.584510 1664547020.680125 00000341.jpg [rgb]
122243 1664547020.651650 1664547020.775112 00000342.jpg [rgb]
122244 1664547020.684190 1664547021.132437 00000343.jpg [rgb]
122255 1664547021.051280 1664547021.197199 00000344.jpg [rgb]
122260 1664547021.218420 1664547021.298294 00000345.jpg [rgb]
122263 1664547021.318810 1664547021.393345 00000346.jpg [rgb]
122266 1664547021.418500 1664547021.497772 00000347.jpg [rgb]
122269 1664547021.518390 1664547021.597970 00000348.jpg [rgb]
122271 1664547021.585490 1664547021.697065 00000349.jpg [rgb]
122275 1664547021.719040 1664547021.796337 00000350.jpg [rgb]
122278 1664547021.819250 1664547021.898242 00000351.jpg [rgb]
122281 1664547021.918640 1664547021.998950 00000352.jpg [rgb]
122283 1664547021.985610 1664547022.099349 00000353.jpg [rgb]
122287 1664547022.118590 1664547022.194653 00000354.jpg [rgb]
122290 1664547022.219080 1664547022.295977 00000355.jpg [rgb]
122293 1664547022.319150 1664547022.398947 00000356.jpg [rgb]
122296 1664547022.419130 1664547022.500025 00000357.jpg [rgb]
122298 1664547022.485620 1664547022.593343 00000358.jpg [rgb]
122302 1664547022.619250 1664547022.694180 00000359.jpg [rgb]
122303 1664547022.654410 1664547022.788686 00000360.jpg [rgb]
122304 1664547022.686730 1664547023.141655 00000361.jpg [rgb]
122316 1664547023.086780 1664547023.210346 00000362.jpg [rgb]
122317 1664547023.120350 1664547023.391999 00000363.jpg [rgb]
122324 1664547023.353380 1664547023.459797 00000364.jpg [rgb]
122327 1664547023.453400 1664547023.560645 00000365.jpg [rgb]
122330 1664547023.554100 1664547023.659489 00000366.jpg [rgb]
122333 1664547023.653250 1664547023.753643 00000367.jpg [rgb]
122336 1664547023.753020 1664547023.853199 00000368.jpg [rgb]
122339 1664547023.853620 1664547023.958107 00000369.jpg [rgb]
122342 1664547023.953810 1664547024.054338 00000370.jpg [rgb]
122345 1664547024.054250 1664547024.158464 00000371.jpg [rgb]
122348 1664547024.153540 1664547024.249109 00000372.jpg [rgb]
122349 1664547024.185200 1664547024.606965 00000373.jpg [rgb]
122352 1664547024.287290 1664547024.672235 00000374.jpg [rgb]
122354 1664547024.354010 1664547024.770484 00000375.jpg [rgb]
122366 1664547024.754130 1664547024.871971 00000376.jpg [rgb]
122370 1664547024.887290 1664547024.971111 00000377.jpg [rgb]
122373 1664547024.987440 1664547025.071261 00000378.jpg [rgb]
122375 1664547025.054620 1664547025.172021 00000379.jpg [rgb]
122379 1664547025.187250 1664547025.270882 00000380.jpg [rgb]
122382 1664547025.287970 1664547025.373348 00000381.jpg [rgb]
122385 1664547025.387570 1664547025.471834 00000382.jpg [rgb]
122388 1664547025.488020 1664547025.567408 00000383.jpg [rgb]
122391 1664547025.588010 1664547025.672127 00000384.jpg [rgb]
122393 1664547025.654670 1664547025.767796 00000385.jpg [rgb]
122394 1664547025.688400 1664547026.000895 00000386.jpg [rgb]
122402 1664547025.955590 1664547026.067287 00000387.jpg [rgb]
122405 1664547026.055100 1664547026.161985 00000388.jpg [rgb]
122408 1664547026.154920 1664547026.263680 00000389.jpg [rgb]
122409 1664547026.186480 1664547026.367288 00000390.jpg [rgb]
122414 1664547026.355240 1664547026.467446 00000391.jpg [rgb]
122417 1664547026.454850 1664547026.565978 00000392.jpg [rgb]
122420 1664547026.555770 1664547026.665721 00000393.jpg [rgb]
122423 1664547026.655300 1664547026.767618 00000394.jpg [rgb]
122426 1664547026.755940 1664547026.868071 00000395.jpg [rgb]
122429 1664547026.855390 1664547026.965498 00000396.jpg [rgb]
122433 1664547026.989250 1664547027.065947 00000397.jpg [rgb]
122436 1664547027.089010 1664547027.165832 00000398.jpg [rgb]
122439 1664547027.188890 1664547027.268113 00000399.jpg [rgb]
122442 1664547027.288840 1664547027.365922 00000400.jpg [rgb]
122445 1664547027.389360 1664547027.460969 00000401.jpg [rgb]
122447 1664547027.455740 1664547027.567040 00000402.jpg [rgb]
122450 1664547027.556270 1664547027.667826 00000403.jpg [rgb]
122454 1664547027.690280 1664547027.765762 00000404.jpg [rgb]
122457 1664547027.790760 1664547027.865908 00000405.jpg [rgb]
122460 1664547027.888840 1664547027.968150 00000406.jpg [rgb]
122462 1664547027.956360 1664547028.066863 00000407.jpg [rgb]
122465 1664547028.056810 1664547028.167634 00000408.jpg [rgb]
122469 1664547028.190100 1664547028.267284 00000409.jpg [rgb]
122472 1664547028.290250 1664547028.368732 00000410.jpg [rgb]
122474 1664547028.356430 1664547028.467527 00000411.jpg [rgb]
122478 1664547028.488340 1664547028.567237 00000412.jpg [rgb]
122481 1664547028.590150 1664547028.666171 00000413.jpg [rgb]
122483 1664547028.656660 1664547028.767006 00000414.jpg [rgb]
122487 1664547028.790440 1664547028.865730 00000415.jpg [rgb]
122489 1664547028.857190 1664547028.966972 00000416.jpg [rgb]
122492 1664547028.957140 1664547029.066894 00000417.jpg [rgb]
122496 1664547029.087130 1664547029.167439 00000418.jpg [rgb]
122498 1664547029.157350 1664547029.267430 00000419.jpg [rgb]
122501 1664547029.258100 1664547029.367324 00000420.jpg [rgb]
122505 1664547029.391240 1664547029.467456 00000421.jpg [rgb]
122507 1664547029.457150 1664547029.570276 00000422.jpg [rgb]
122511 1664547029.591290 1664547029.666974 00000423.jpg [rgb]
122513 1664547029.658500 1664547029.767345 00000424.jpg [rgb]
122517 1664547029.791480 1664547029.866558 00000425.jpg [rgb]
122519 1664547029.858610 1664547029.965745 00000426.jpg [rgb]
122523 1664547029.991570 1664547030.065260 00000427.jpg [rgb]
122525 1664547030.058170 1664547030.167380 00000428.jpg [rgb]
122529 1664547030.191400 1664547030.268351 00000429.jpg [rgb]
122532 1664547030.291800 1664547030.368626 00000430.jpg [rgb]
122535 1664547030.391700 1664547030.467419 00000431.jpg [rgb]
122538 1664547030.491480 1664547030.568434 00000432.jpg [rgb]
122541 1664547030.592480 1664547030.667885 00000433.jpg [rgb]
122544 1664547030.691230 1664547030.766713 00000434.jpg [rgb]
122546 1664547030.758310 1664547030.864246 00000435.jpg [rgb]
122547 1664547030.792000 1664547030.982628 00000436.jpg [rgb]
122550 1664547030.891740 1664547031.071888 00000437.jpg [rgb]
122555 1664547031.059060 1664547031.169734 00000438.jpg [rgb]
122558 1664547031.158920 1664547031.269891 00000439.jpg [rgb]
122561 1664547031.258920 1664547031.368485 00000440.jpg [rgb]
122565 1664547031.392130 1664547031.467507 00000441.jpg [rgb]
122567 1664547031.459290 1664547031.568983 00000442.jpg [rgb]
122570 1664547031.559130 1664547031.668625 00000443.jpg [rgb]
122574 1664547031.692400 1664547031.768478 00000444.jpg [rgb]
122575 1664547031.726110 1664547031.868573 00000445.jpg [rgb]
122579 1664547031.859530 1664547031.968907 00000446.jpg [rgb]
122582 1664547031.959350 1664547032.061893 00000447.jpg [rgb]
122585 1664547032.057660 1664547032.168852 00000448.jpg [rgb]
122589 1664547032.192620 1664547032.268869 00000449.jpg [rgb]
122592 1664547032.292690 1664547032.371816 00000450.jpg [rgb]
122594 1664547032.359230 1664547032.469320 00000451.jpg [rgb]
122598 1664547032.492850 1664547032.568299 00000452.jpg [rgb]
122600 1664547032.557980 1664547032.668590 00000453.jpg [rgb]
122604 1664547032.693120 1664547032.769891 00000454.jpg [rgb]
122607 1664547032.793130 1664547032.870379 00000455.jpg [rgb]
122609 1664547032.860260 1664547032.968884 00000456.jpg [rgb]
122612 1664547032.959990 1664547033.071062 00000457.jpg [rgb]
122616 1664547033.091630 1664547033.168632 00000458.jpg [rgb]
122618 1664547033.159980 1664547033.262367 00000459.jpg [rgb]
122621 1664547033.259890 1664547033.369817 00000460.jpg [rgb]
122622 1664547033.293420 1664547033.462573 00000461.jpg [rgb]
122627 1664547033.460920 1664547033.571296 00000462.jpg [rgb]
122630 1664547033.560650 1664547033.664823 00000463.jpg [rgb]
122631 1664547033.594100 1664547033.822783 00000464.jpg [rgb]
122632 1664547033.627140 1664547034.064387 00000465.jpg [rgb]
122641 1664547033.927600 1664547034.132280 00000466.jpg [rgb]
122647 1664547034.127150 1664547034.224129 00000467.jpg [rgb]
122650 1664547034.225770 1664547034.320690 00000468.jpg [rgb]
122653 1664547034.327640 1664547034.430773 00000469.jpg [rgb]
122654 1664547034.361050 1664547034.546761 00000470.jpg [rgb]
122659 1664547034.527540 1664547034.628364 00000471.jpg [rgb]
122660 1664547034.562070 1664547034.730859 00000472.jpg [rgb]
122665 1664547034.728470 1664547034.829172 00000473.jpg [rgb]
122668 1664547034.828690 1664547034.929562 00000474.jpg [rgb]
122671 1664547034.928600 1664547035.025652 00000475.jpg [rgb]
122674 1664547035.028390 1664547035.130458 00000476.jpg [rgb]
122677 1664547035.129720 1664547035.229005 00000477.jpg [rgb]
122679 1664547035.195080 1664547035.329743 00000478.jpg [rgb]
122682 1664547035.295190 1664547035.428941 00000479.jpg [rgb]
122686 1664547035.428770 1664547035.526619 00000480.jpg [rgb]
122688 1664547035.495300 1664547035.620865 00000481.jpg [rgb]
122689 1664547035.529040 1664547035.789837 00000482.jpg [rgb]
122695 1664547035.729130 1664547035.852736 00000483.jpg [rgb]
122699 1664547035.862880 1664547035.947968 00000484.jpg [rgb]
122702 1664547035.962500 1664547036.048545 00000485.jpg [rgb]
122705 1664547036.062320 1664547036.154346 00000486.jpg [rgb]
122708 1664547036.159770 1664547036.254932 00000487.jpg [rgb]
122711 1664547036.262750 1664547036.354884 00000488.jpg [rgb]
122714 1664547036.363130 1664547036.452363 00000489.jpg [rgb]
122717 1664547036.463110 1664547036.557007 00000490.jpg [rgb]
122720 1664547036.562960 1664547036.656338 00000491.jpg [rgb]
122723 1664547036.663040 1664547036.750975 00000492.jpg [rgb]
122725 1664547036.728990 1664547036.848359 00000493.jpg [rgb]
122726 1664547036.762340 1664547037.180422 00000494.jpg [rgb]
122729 1664547036.862700 1664547037.243200 00000495.jpg [rgb]
122735 1664547037.061670 1664547037.337536 00000496.jpg [rgb]
122738 1664547037.163080 1664547037.448442 00000497.jpg [rgb]
122744 1664547037.363080 1664547037.541537 00000498.jpg [rgb]
122747 1664547037.464180 1664547037.642125 00000499.jpg [rgb]
122753 1664547037.662130 1664547037.737480 00000500.jpg [rgb]
122756 1664547037.761760 1664547037.841794 00000501.jpg [rgb]
122759 1664547037.863820 1664547037.945400 00000502.jpg [rgb]
122761 1664547037.930110 1664547038.044626 00000503.jpg [rgb]
122765 1664547038.064150 1664547038.144694 00000504.jpg [rgb]
122768 1664547038.162760 1664547038.241526 00000505.jpg [rgb]
122771 1664547038.264490 1664547038.346529 00000506.jpg [rgb]
122773 1664547038.330900 1664547038.440953 00000507.jpg [rgb]
122777 1664547038.464060 1664547038.548120 00000508.jpg [rgb]
122780 1664547038.563860 1664547038.645754 00000509.jpg [rgb]
122783 1664547038.664160 1664547038.746406 00000510.jpg [rgb]
122786 1664547038.763940 1664547038.842891 00000511.jpg [rgb]
122789 1664547038.863930 1664547038.946840 00000512.jpg [rgb]
122792 1664547038.964750 1664547039.048296 00000513.jpg [rgb]
122795 1664547039.062760 1664547039.145916 00000514.jpg [rgb]
122798 1664547039.165120 1664547039.240018 00000515.jpg [rgb]
122801 1664547039.264580 1664547039.345221 00000516.jpg [rgb]
122804 1664547039.364700 1664547039.446517 00000517.jpg [rgb]
122806 1664547039.431130 1664547039.545937 00000518.jpg [rgb]
122810 1664547039.565510 1664547039.642155 00000519.jpg [rgb]
122813 1664547039.664590 1664547039.748060 00000520.jpg [rgb]
122816 1664547039.765270 1664547039.847439 00000521.jpg [rgb]
122819 1664547039.865450 1664547039.946227 00000522.jpg [rgb]
122822 1664547039.964850 1664547040.041936 00000523.jpg [rgb]
122825 1664547040.065190 1664547040.146727 00000524.jpg [rgb]
122828 1664547040.166050 1664547040.244934 00000525.jpg [rgb]
122831 1664547040.265630 1664547040.347670 00000526.jpg [rgb]
122833 1664547040.331980 1664547040.439807 00000527.jpg [rgb]
122837 1664547040.465520 1664547040.546181 00000528.jpg [rgb]
122840 1664547040.565770 1664547040.645065 00000529.jpg [rgb]
122843 1664547040.665540 1664547040.746191 00000530.jpg [rgb]
122846 1664547040.766230 1664547040.844870 00000531.jpg [rgb]
122849 1664547040.866370 1664547040.947365 00000532.jpg [rgb]
122852 1664547040.966040 1664547041.047490 00000533.jpg [rgb]
122854 1664547041.033350 1664547041.145004 00000534.jpg [rgb]
122858 1664547041.166670 1664547041.243969 00000535.jpg [rgb]
122861 1664547041.266010 1664547041.346916 00000536.jpg [rgb]
122864 1664547041.365810 1664547041.438596 00000537.jpg [rgb]
122867 1664547041.466290 1664547041.547616 00000538.jpg [rgb]
122870 1664547041.563970 1664547041.645924 00000539.jpg [rgb]
122873 1664547041.665450 1664547041.745834 00000540.jpg [rgb]
122875 1664547041.733010 1664547041.839670 00000541.jpg [rgb]
122876 1664547041.766290 1664547042.015698 00000542.jpg [rgb]
122882 1664547041.967450 1664547042.083254 00000543.jpg [rgb]
122886 1664547042.099330 1664547042.179766 00000544.jpg [rgb]
122889 1664547042.200080 1664547042.282062 00000545.jpg [rgb]
122891 1664547042.267380 1664547042.375860 00000546.jpg [rgb]
122895 1664547042.401120 1664547042.483890 00000547.jpg [rgb]
122898 1664547042.500110 1664547042.582174 00000548.jpg [rgb]
122900 1664547042.566480 1664547042.674586 00000549.jpg [rgb]
122904 1664547042.700000 1664547042.780045 00000550.jpg [rgb]
122905 1664547042.733500 1664547042.872868 00000551.jpg [rgb]
122906 1664547042.766710 1664547043.010015 00000552.jpg [rgb]
122913 1664547043.000290 1664547043.083962 00000553.jpg [rgb]
122915 1664547043.067950 1664547043.182568 00000554.jpg [rgb]
122919 1664547043.200320 1664547043.280684 00000555.jpg [rgb]
122922 1664547043.300830 1664547043.380250 00000556.jpg [rgb]
122924 1664547043.367700 1664547043.476913 00000557.jpg [rgb]
122927 1664547043.468680 1664547043.582715 00000558.jpg [rgb]
122931 1664547043.600850 1664547043.680350 00000559.jpg [rgb]
122933 1664547043.666360 1664547043.777813 00000560.jpg [rgb]
122937 1664547043.801460 1664547043.881587 00000561.jpg [rgb]
122940 1664547043.901700 1664547043.979080 00000562.jpg [rgb]
122943 1664547043.999540 1664547044.079455 00000563.jpg [rgb]
122946 1664547044.101470 1664547044.179295 00000564.jpg [rgb]
122948 1664547044.167820 1664547044.274275 00000565.jpg [rgb]
122952 1664547044.302810 1664547044.376359 00000566.jpg [rgb]
122953 1664547044.335740 1664547044.744133 00000567.jpg [rgb]
122956 1664547044.434940 1664547044.803631 00000568.jpg [rgb]
122960 1664547044.568750 1664547044.900994 00000569.jpg [rgb]
122961 1664547044.602020 1664547045.718096 00000570.jpg [rgb]
122962 1664547044.636260 1664547045.824241 00000571.jpg [rgb]
122968 1664547044.835300 1664547045.882543 00000572.jpg [rgb]
122973 1664547045.002720 1664547045.984321 00000573.jpg [rgb]
122985 1664547045.400840 1664547046.089095 00000574.jpg [rgb]
123000 1664547045.902690 1664547046.184081 00000575.jpg [rgb]
123009 1664547046.203530 1664547046.283950 00000576.jpg [rgb]
